<?xml version="1.0" encoding="UTF-8"?>
<!-- Generated by org.testng.reporters.JUnitReportReporter -->
<testsuite hostname="LAPTOP" failures="0" tests="9" name="com.dataproviderdemo.DPdemo" time="0.370" errors="0" timestamp="03 Jun 2022 04:16:28 GMT" skipped="0">
  <testcase classname="com.dataproviderdemo.DPdemo" name="m1" time="0.010"/>
  <testcase classname="com.dataproviderdemo.DPdemo" name="m1" time="0.014"/>
  <testcase classname="com.dataproviderdemo.DPdemo" name="m1" time="0.079"/>
  <testcase classname="com.dataproviderdemo.DPdemo" name="m1" time="0.010"/>
  <testcase classname="com.dataproviderdemo.DPdemo" name="m1" time="0.039"/>
  <testcase classname="com.dataproviderdemo.DPdemo" name="m1" time="0.026"/>
  <testcase classname="com.dataproviderdemo.DPdemo" name="m1" time="0.137"/>
  <testcase classname="com.dataproviderdemo.DPdemo" name="m1" time="0.015"/>
  <testcase classname="com.dataproviderdemo.DPdemo" name="m1" time="0.040"/>
</testsuite> <!-- com.dataproviderdemo.DPdemo -->
