<?xml version="1.0" encoding="UTF-8"?>
<!-- Generated by org.testng.reporters.JUnitReportReporter -->
<testsuite hostname="DESKTOP-79OBDSS" failures="0" tests="1" name="com.ApachePOI.ApachePOIDemo" time="2.272" errors="0" timestamp="19 Jul 2022 12:09:57 GMT" skipped="0">
  <testcase classname="com.ApachePOI.ApachePOIDemo" name="dataProvider" time="2.272"/>
</testsuite> <!-- com.ApachePOI.ApachePOIDemo -->
