<?xml version="1.0" encoding="UTF-8"?>
<!-- Generated by org.testng.reporters.JUnitReportReporter -->
<testsuite hostname="DESKTOP-79OBDSS" failures="0" tests="9" name="com.dataproviderdemo.TestCase" time="0.210" errors="0" timestamp="2022-07-22T14:19:19 IST" skipped="0">
  <testcase classname="com.dataproviderdemo.TestCase" name="m1" time="0.009"/>
  <system-out/>
  <testcase classname="com.dataproviderdemo.TestCase" name="m1" time="0.010"/>
  <system-out/>
  <testcase classname="com.dataproviderdemo.TestCase" name="m1" time="0.060"/>
  <system-out/>
  <testcase classname="com.dataproviderdemo.TestCase" name="m1" time="0.010"/>
  <system-out/>
  <testcase classname="com.dataproviderdemo.TestCase" name="m1" time="0.029"/>
  <system-out/>
  <testcase classname="com.dataproviderdemo.TestCase" name="m1" time="0.030"/>
  <system-out/>
  <testcase classname="com.dataproviderdemo.TestCase" name="m1" time="0.011"/>
  <system-out/>
  <testcase classname="com.dataproviderdemo.TestCase" name="m1" time="0.014"/>
  <system-out/>
  <testcase classname="com.dataproviderdemo.TestCase" name="m1" time="0.037"/>
  <system-out/>
</testsuite> <!-- com.dataproviderdemo.TestCase -->
