<?xml version="1.0" encoding="UTF-8"?>
<!-- Generated by org.testng.reporters.JUnitReportReporter -->
<testsuite hostname="LAPTOP" failures="0" tests="1" name="com.dataproviderdemo.ApachePOIDemo" time="3.526" errors="0" timestamp="02 Jun 2022 14:21:14 GMT" skipped="0">
  <testcase classname="com.dataproviderdemo.ApachePOIDemo" name="dataProvider" time="3.526"/>
</testsuite> <!-- com.dataproviderdemo.ApachePOIDemo -->
