<?xml version="1.0" encoding="UTF-8"?>
<!-- Generated by org.testng.reporters.JUnitReportReporter -->
<testsuite hostname="DESKTOP-79OBDSS" failures="0" tests="11" name="com.iris.TestCaseIris" time="0.139" errors="0" timestamp="2022-07-20T17:44:24 IST" skipped="0">
  <testcase classname="com.iris.TestCaseIris" name="m1" time="0.028"/>
  <system-out/>
  <testcase classname="com.iris.TestCaseIris" name="m1" time="0.013"/>
  <system-out/>
  <testcase classname="com.iris.TestCaseIris" name="m1" time="0.010"/>
  <system-out/>
  <testcase classname="com.iris.TestCaseIris" name="m1" time="0.003"/>
  <system-out/>
  <testcase classname="com.iris.TestCaseIris" name="m1" time="0.012"/>
  <system-out/>
  <testcase classname="com.iris.TestCaseIris" name="m1" time="0.012"/>
  <system-out/>
  <testcase classname="com.iris.TestCaseIris" name="m1" time="0.015"/>
  <system-out/>
  <testcase classname="com.iris.TestCaseIris" name="m1" time="0.010"/>
  <system-out/>
  <testcase classname="com.iris.TestCaseIris" name="m1" time="0.019"/>
  <system-out/>
  <testcase classname="com.iris.TestCaseIris" name="m1" time="0.014"/>
  <system-out/>
  <testcase classname="com.iris.TestCaseIris" name="m1" time="0.003"/>
  <system-out/>
</testsuite> <!-- com.iris.TestCaseIris -->
