<?xml version="1.0" encoding="UTF-8"?>
<!-- Generated by org.testng.reporters.JUnitReportReporter -->
<testsuite hostname="DESKTOP-79OBDSS" failures="0" tests="9" name="com.dataproviderdemo.TestCase" time="0.137" errors="0" timestamp="2022-07-20T17:44:24 IST" skipped="0">
  <testcase classname="com.dataproviderdemo.TestCase" name="m1" time="0.011"/>
  <system-out/>
  <testcase classname="com.dataproviderdemo.TestCase" name="m1" time="0.008"/>
  <system-out/>
  <testcase classname="com.dataproviderdemo.TestCase" name="m1" time="0.007"/>
  <system-out/>
  <testcase classname="com.dataproviderdemo.TestCase" name="m1" time="0.042"/>
  <system-out/>
  <testcase classname="com.dataproviderdemo.TestCase" name="m1" time="0.008"/>
  <system-out/>
  <testcase classname="com.dataproviderdemo.TestCase" name="m1" time="0.006"/>
  <system-out/>
  <testcase classname="com.dataproviderdemo.TestCase" name="m1" time="0.013"/>
  <system-out/>
  <testcase classname="com.dataproviderdemo.TestCase" name="m1" time="0.007"/>
  <system-out/>
  <testcase classname="com.dataproviderdemo.TestCase" name="m1" time="0.035"/>
  <system-out/>
</testsuite> <!-- com.dataproviderdemo.TestCase -->
